<?xml version="1.0" encoding="UTF-8"?>
<!--
   Copyright (c) 2005-2006 University of Utah and the Flux Group.
   
   {{{EMULAB-LICENSE
   
   This file is part of the Emulab network testbed software.
   
   This file is free software: you can redistribute it and/or modify it
   under the terms of the GNU Affero General Public License as published by
   the Free Software Foundation, either version 3 of the License, or (at
   your option) any later version.
   
   This file is distributed in the hope that it will be useful, but WITHOUT
   ANY WARRANTY; without even the implied warranty of MERCHANTABILITY or
   FITNESS FOR A PARTICULAR PURPOSE.  See the GNU Affero General Public
   License for more details.
   
   You should have received a copy of the GNU Affero General Public License
   along with this file.  If not, see <http://www.gnu.org/licenses/>.
   
   }}}
-->
<!DOCTYPE ptop SYSTEM "ptop.dtd">
<ptop xmlns="http://emulab.net/resources/ptop/0.1" testbed="emulab">
<!--
    <node name="pc1">
        <node_type name="pc">
            <limit slots="1" />
        </node_type>
        <node_type name="delay">
            <limit slots="2" />
        </node_type>
        <node_type name="delayinfo">
            <limit slots="2" />
	    <static/>
        </node_type>
        <node_feature name="feature1">
            <feature_weight weight="1.0" />
        </node_feature>
        <node_feature type="local-additive" name="feature2">
            <feature_weight weight="0.5" />
	    <violatable />
        </node_feature>
        <node_option>
            <option_name name="trivial_bw" />
            <option_value value="400" />
        </node_option>
    </node>
    <node name="pc2">
        <node_type name="pc">
            <limit slots="1" />
        </node_type>
        <node_type name="delay">
            <limit slots="2" />
        </node_type>
        <node_type name="delayinfo">
            <limit slots="2" />
	    <static/>
        </node_type>
        <node_feature name="feature1">
            <feature_weight weight="1.0" />
        </node_feature>
        <node_feature name="features2" type="local-additive">
            <feature_weight weight="0.5" />
    	    <violatable/>
        </node_feature>
        <node_option>
            <option_name name="trivial_bw" />
            <option_value value="400" />
        </node_option>
    </node>
    <link name="link1">
        <endpoint node="pc1" interface="eth0" />
        <endpoint node="pc2" interface="eth0" />
        <delay_spec>
            <bandwidth value="100Mbps" />
            <delay value="0ms" />
            <loss value="0.00" />
        </delay_spec>
        <link_type type="ethernet" />
    </link>
-->
</ptop>
