<?xml version="1.0" encoding="UTF-8" standalone="no"?>
<!--
   Copyright (c) 2005-2006 University of Utah and the Flux Group.
   
   {{{EMULAB-LICENSE
   
   This file is part of the Emulab network testbed software.
   
   This file is free software: you can redistribute it and/or modify it
   under the terms of the GNU Affero General Public License as published by
   the Free Software Foundation, either version 3 of the License, or (at
   your option) any later version.
   
   This file is distributed in the hope that it will be useful, but WITHOUT
   ANY WARRANTY; without even the implied warranty of MERCHANTABILITY or
   FITNESS FOR A PARTICULAR PURPOSE.  See the GNU Affero General Public
   License for more details.
   
   You should have received a copy of the GNU Affero General Public License
   along with this file.  If not, see <http://www.gnu.org/licenses/>.
   
   }}}
-->
<vtop pid="testbed" eid="xmltop" xmlns="http://emulab.net/resources/vtop/0.2" xmlns:xsi="http://www.w3.org/2001/XMLSchema-instance">
    <node name="nodeA">
        <node_type type_name="pc" type_slots="1" />
    </node>
</vtop>
